Enter -['1st']
['1st and 10 at FITCHBUR35', 'DEAN ball on DEAN35, clock 15:00.']
['', 'Mason Dill kickoff 65 yards to the FITCHBUR00, Jordan Dickerson return 6 yards to the FITCHBUR06 (Ryan Tigges).']
Is this opponent scout? (Y/N)Are you Dean (H) or Fitchburg St. (A)?Final score Dean 42 - Fitchburg St. 6
Folder name? (Scout team name default)Enter -['1st']
['1st and 10 at CASTLETO35', 'FITCHBUR ball on FITCHBUR35, clock 15:00.']
['', 'Mac Kimball kickoff 54 yards to the CASTLETO11, Simon Davis Jr. return 30 yards to the CASTLETO41 (Mac Kimball).']
Is this opponent scout? (Y/N)Are you Fitchburg St. (H) or Castleton (A)?Final score Fitchburg St. 0 - Castleton 35
Folder name? (Scout team name default)Enter -['1st']
['1st and 10 at FITCHBUR35', 'FITCHBUR ball on FITCHBUR35, clock 15:00.']
['', 'Mac Kimball kickoff 55 yards to the WORCESTE10, Brodie Jacques return 17 yards to the WORCESTE27 (Devin Current; Michael Brown).']
Is this opponent scout? (Y/N)Are you Worcester St. (H) or Fitchburg St. (A)?Final score Worcester St. 38 - Fitchburg St. 35
Folder name? (Scout team name default)Enter -['1st']
['1st and 10 at FITCHBUR35', 'FITCHBUR ball on FITCHBUR35, clock 15:00.']
['', 'Mac Kimball kickoff 46 yards to the MASS. MA19, Evan Dyer return 12 yards to the MASS. MA31 (Francisco Andin), out-of-bounds.']
Score correction made in Fitchburg St. @ Mass. Maritime (index) quarter 2 drive 7
Is this opponent scout? (Y/N)Are you Mass. Maritime (H) or Fitchburg St. (A)?Final score Mass. Maritime 28 - Fitchburg St. 0
Player name overlap detected in Fitchburg St. at Mass. Maritime. Check possession transitions
Folder name? (Scout team name default)Enter -['1st']
['1st and 10 at BRIDGEWA35', 'BRIDGEWA ball on BRIDGEWA35, clock 15:00.']
['', 'Shane Drake kickoff 43 yards to the FITCHBUR22, Benjamin Paliza return 0 yards to the FITCHBUR22, fumble forced by Mitchell Gimble, fumble by Benjamin Paliza recovered by BRIDGEWA Mitchell Gimble at FITCHBUR22.']
Is this opponent scout? (Y/N)Are you Fitchburg St. (H) or Bridgewater St. (A)?Final score Fitchburg St. 0 - Bridgewater St. 42
Folder name? (Scout team name default)Enter -['1st']
['1st and 10 at FRAMINGH35', 'FITCHBUR ball on FITCHBUR35, clock 15:00.']
['', 'Mac Kimball kickoff 31 yards to the FRAMINGH34, on-side kick, recovered by FITCHBUR on FRAMINGH34.']
Is this opponent scout? (Y/N)Are you Fitchburg St. (H) or Framingham St. (A)?Final score Fitchburg St. 0 - Framingham St. 35
Folder name? (Scout team name default)Enter -Traceback (most recent call last):
  File "C:\Users\surma\Python\cfb_slapPY\sauce.py", line 10, in <module>
    quarters, name_dict = pbp_parser(url)
  File "C:\Users\surma\Python\cfb_slapPY\pbp_parser_func.py", line 14, in pbp_parser
    html = urlopen(url, context=ctx).read()
  File "C:\Program Files\WindowsApps\PythonSoftwareFoundation.Python.3.10_3.10.1776.0_x64__qbz5n2kfra8p0\lib\urllib\request.py", line 216, in urlopen
    return opener.open(url, data, timeout)
  File "C:\Program Files\WindowsApps\PythonSoftwareFoundation.Python.3.10_3.10.1776.0_x64__qbz5n2kfra8p0\lib\urllib\request.py", line 525, in open
    response = meth(req, response)
  File "C:\Program Files\WindowsApps\PythonSoftwareFoundation.Python.3.10_3.10.1776.0_x64__qbz5n2kfra8p0\lib\urllib\request.py", line 634, in http_response
    response = self.parent.error(
  File "C:\Program Files\WindowsApps\PythonSoftwareFoundation.Python.3.10_3.10.1776.0_x64__qbz5n2kfra8p0\lib\urllib\request.py", line 557, in error
    result = self._call_chain(*args)
  File "C:\Program Files\WindowsApps\PythonSoftwareFoundation.Python.3.10_3.10.1776.0_x64__qbz5n2kfra8p0\lib\urllib\request.py", line 496, in _call_chain
    result = func(*args)
  File "C:\Program Files\WindowsApps\PythonSoftwareFoundation.Python.3.10_3.10.1776.0_x64__qbz5n2kfra8p0\lib\urllib\request.py", line 749, in http_error_302
    return self.parent.open(new, timeout=req.timeout)
  File "C:\Program Files\WindowsApps\PythonSoftwareFoundation.Python.3.10_3.10.1776.0_x64__qbz5n2kfra8p0\lib\urllib\request.py", line 525, in open
    response = meth(req, response)
  File "C:\Program Files\WindowsApps\PythonSoftwareFoundation.Python.3.10_3.10.1776.0_x64__qbz5n2kfra8p0\lib\urllib\request.py", line 634, in http_response
    response = self.parent.error(
  File "C:\Program Files\WindowsApps\PythonSoftwareFoundation.Python.3.10_3.10.1776.0_x64__qbz5n2kfra8p0\lib\urllib\request.py", line 563, in error
    return self._call_chain(*args)
  File "C:\Program Files\WindowsApps\PythonSoftwareFoundation.Python.3.10_3.10.1776.0_x64__qbz5n2kfra8p0\lib\urllib\request.py", line 496, in _call_chain
    result = func(*args)
  File "C:\Program Files\WindowsApps\PythonSoftwareFoundation.Python.3.10_3.10.1776.0_x64__qbz5n2kfra8p0\lib\urllib\request.py", line 643, in http_error_default
    raise HTTPError(req.full_url, code, msg, hdrs, fp)
urllib.error.HTTPError: HTTP Error 403: Forbidden

During handling of the above exception, another exception occurred:

Traceback (most recent call last):
  File "C:\Users\surma\Python\cfb_slapPY\sauce.py", line 13, in <module>
    quarters, name_dict = taster(url)  
  File "C:\Users\surma\Python\cfb_slapPY\taster_func.py", line 52, in taster
    name_dict[away_kicker] = kicker_names[0][0]
IndexError: list index out of range
Enter -Traceback (most recent call last):
  File "C:\Users\surma\Python\cfb_slapPY\sauce.py", line 10, in <module>
    quarters, name_dict = pbp_parser(url)
  File "C:\Users\surma\Python\cfb_slapPY\pbp_parser_func.py", line 14, in pbp_parser
    html = urlopen(url, context=ctx).read()
  File "C:\Program Files\WindowsApps\PythonSoftwareFoundation.Python.3.10_3.10.1776.0_x64__qbz5n2kfra8p0\lib\urllib\request.py", line 216, in urlopen
    return opener.open(url, data, timeout)
  File "C:\Program Files\WindowsApps\PythonSoftwareFoundation.Python.3.10_3.10.1776.0_x64__qbz5n2kfra8p0\lib\urllib\request.py", line 525, in open
    response = meth(req, response)
  File "C:\Program Files\WindowsApps\PythonSoftwareFoundation.Python.3.10_3.10.1776.0_x64__qbz5n2kfra8p0\lib\urllib\request.py", line 634, in http_response
    response = self.parent.error(
  File "C:\Program Files\WindowsApps\PythonSoftwareFoundation.Python.3.10_3.10.1776.0_x64__qbz5n2kfra8p0\lib\urllib\request.py", line 557, in error
    result = self._call_chain(*args)
  File "C:\Program Files\WindowsApps\PythonSoftwareFoundation.Python.3.10_3.10.1776.0_x64__qbz5n2kfra8p0\lib\urllib\request.py", line 496, in _call_chain
    result = func(*args)
  File "C:\Program Files\WindowsApps\PythonSoftwareFoundation.Python.3.10_3.10.1776.0_x64__qbz5n2kfra8p0\lib\urllib\request.py", line 749, in http_error_302
    return self.parent.open(new, timeout=req.timeout)
  File "C:\Program Files\WindowsApps\PythonSoftwareFoundation.Python.3.10_3.10.1776.0_x64__qbz5n2kfra8p0\lib\urllib\request.py", line 525, in open
    response = meth(req, response)
  File "C:\Program Files\WindowsApps\PythonSoftwareFoundation.Python.3.10_3.10.1776.0_x64__qbz5n2kfra8p0\lib\urllib\request.py", line 634, in http_response
    response = self.parent.error(
  File "C:\Program Files\WindowsApps\PythonSoftwareFoundation.Python.3.10_3.10.1776.0_x64__qbz5n2kfra8p0\lib\urllib\request.py", line 563, in error
    return self._call_chain(*args)
  File "C:\Program Files\WindowsApps\PythonSoftwareFoundation.Python.3.10_3.10.1776.0_x64__qbz5n2kfra8p0\lib\urllib\request.py", line 496, in _call_chain
    result = func(*args)
  File "C:\Program Files\WindowsApps\PythonSoftwareFoundation.Python.3.10_3.10.1776.0_x64__qbz5n2kfra8p0\lib\urllib\request.py", line 643, in http_error_default
    raise HTTPError(req.full_url, code, msg, hdrs, fp)
urllib.error.HTTPError: HTTP Error 403: Forbidden

During handling of the above exception, another exception occurred:

Traceback (most recent call last):
  File "C:\Users\surma\Python\cfb_slapPY\sauce.py", line 13, in <module>
    quarters, name_dict = taster(url)  
  File "C:\Users\surma\Python\cfb_slapPY\taster_func.py", line 52, in taster
    name_dict[away_kicker] = kicker_names[0][0]
IndexError: list index out of range
Enter -Traceback (most recent call last):
  File "C:\Users\surma\Python\cfb_slapPY\sauce.py", line 10, in <module>
    quarters, name_dict = pbp_parser(url)
  File "C:\Users\surma\Python\cfb_slapPY\pbp_parser_func.py", line 14, in pbp_parser
    html = urlopen(url, context=ctx).read()
  File "C:\Program Files\WindowsApps\PythonSoftwareFoundation.Python.3.10_3.10.1776.0_x64__qbz5n2kfra8p0\lib\urllib\request.py", line 216, in urlopen
    return opener.open(url, data, timeout)
  File "C:\Program Files\WindowsApps\PythonSoftwareFoundation.Python.3.10_3.10.1776.0_x64__qbz5n2kfra8p0\lib\urllib\request.py", line 525, in open
    response = meth(req, response)
  File "C:\Program Files\WindowsApps\PythonSoftwareFoundation.Python.3.10_3.10.1776.0_x64__qbz5n2kfra8p0\lib\urllib\request.py", line 634, in http_response
    response = self.parent.error(
  File "C:\Program Files\WindowsApps\PythonSoftwareFoundation.Python.3.10_3.10.1776.0_x64__qbz5n2kfra8p0\lib\urllib\request.py", line 557, in error
    result = self._call_chain(*args)
  File "C:\Program Files\WindowsApps\PythonSoftwareFoundation.Python.3.10_3.10.1776.0_x64__qbz5n2kfra8p0\lib\urllib\request.py", line 496, in _call_chain
    result = func(*args)
  File "C:\Program Files\WindowsApps\PythonSoftwareFoundation.Python.3.10_3.10.1776.0_x64__qbz5n2kfra8p0\lib\urllib\request.py", line 749, in http_error_302
    return self.parent.open(new, timeout=req.timeout)
  File "C:\Program Files\WindowsApps\PythonSoftwareFoundation.Python.3.10_3.10.1776.0_x64__qbz5n2kfra8p0\lib\urllib\request.py", line 525, in open
    response = meth(req, response)
  File "C:\Program Files\WindowsApps\PythonSoftwareFoundation.Python.3.10_3.10.1776.0_x64__qbz5n2kfra8p0\lib\urllib\request.py", line 634, in http_response
    response = self.parent.error(
  File "C:\Program Files\WindowsApps\PythonSoftwareFoundation.Python.3.10_3.10.1776.0_x64__qbz5n2kfra8p0\lib\urllib\request.py", line 563, in error
    return self._call_chain(*args)
  File "C:\Program Files\WindowsApps\PythonSoftwareFoundation.Python.3.10_3.10.1776.0_x64__qbz5n2kfra8p0\lib\urllib\request.py", line 496, in _call_chain
    result = func(*args)
  File "C:\Program Files\WindowsApps\PythonSoftwareFoundation.Python.3.10_3.10.1776.0_x64__qbz5n2kfra8p0\lib\urllib\request.py", line 643, in http_error_default
    raise HTTPError(req.full_url, code, msg, hdrs, fp)
urllib.error.HTTPError: HTTP Error 403: Forbidden

During handling of the above exception, another exception occurred:

Traceback (most recent call last):
  File "C:\Users\surma\Python\cfb_slapPY\sauce.py", line 13, in <module>
    quarters, name_dict = taster(url)  
  File "C:\Users\surma\Python\cfb_slapPY\taster_func.py", line 105, in taster
    abbr = abbr_finder(quarters[0][drive_count],abbr)
IndexError: list index out of range
Enter -['1st']
['1st and 10 at WESTFIEL35', 'WESTFIEL ball on WESTFIEL35, clock 15:00.']
['', 'Christian Julian kickoff 58 yards to the FITCHBUR07, Benjamin Palizay return 32 yards to the FITCHBUR39 (Blake Simpson).']
Is this opponent scout? (Y/N)Are you Fitchburg St. (H) or Westfield St. (A)?Final score Fitchburg St. 20 - Westfield St. 38
Folder name? (Scout team name default)