Enter -['1st']
['1st and 10 at WASHU35', 'WASHU ball on WASHU35, clock 15:00.']
['', 'C. Vartanian kickoff 65 yards to the UC00, touchback.']
Is this opponent scout? (Y/N)Are you Chicago (H) or WashU (A)?Final score Chicago 31 - WashU 21
Folder name? (Scout team name default)Enter -['1st']
['1st and 10 at NPU35', 'NPU ball on NPU35.']
['', 'Messersmith kickoff 49 yards to the WASHU16, T. Lamphier return 18 yards to the WASHU34.']
Is this opponent scout? (Y/N)Are you WashU (H) or North Park (A)?Final score WashU 41 - North Park 7
Traceback (most recent call last):
  File "C:\Users\surma\Python\cfb_slapPY\sauce.py", line 207, in <module>
    date_list = name_dict[game_date].split('/')
KeyError: 'date'
Enter -['1st']
['1st and 10 at ELM35', 'Elmhurst wins toss and defers; WSH will receive; ELM will defend West end-zone.']
['1st and 10 at ELM35', 'Start of 1st quarter, clock 15:00.']
['', 'Fridrich,Ben kickoff 62 yards to the WSH03 Lamphier,Treyton return 18 yards to the WSH21 (Carillo,Antonio).']
Is this opponent scout? (Y/N)Are you WashU (H) or Elmhurst (A)?Final score WashU 27 - Elmhurst 7
Folder name? (Scout team name default)Enter -['1st']
['1st and 10 at WHEATON35', '65,30,47,48, and 14 are captains. WashU wins and elects to defer.']
['1st and 10 at WHEATON35', 'Start of 1st quarter, clock 15:00.']
['1st and 10 at WHEATON35', 'WASHU ball on WASHU35.']
['', 'C. Vartanian kickoff 63 yards to the WHEATON02, Grotelueschen return 25 yards to the WHEATON27 (Matt Rush).']
Is this opponent scout? (Y/N)Are you WashU (H) or Wheaton (Ill.) (A)?Final score WashU 17 - Wheaton (Ill.) 33
Player name overlap detected in Wheaton (IL) at Washington (Mo.). Check possession transitions
Folder name? (Scout team name default)Enter -['1st']
['1st and 10 at IWU35', 'WashU wins the toss, defers']
['1st and 10 at IWU35', 'Change of possession, Change of possession, WASHU ball on WASHU25, 1st and 10.']
Score correction made in Illinois Wesleyan @ WashU (index) quarter 3 drive 4
Is this opponent scout? (Y/N)Are you WashU (H) or Illinois Wesleyan (A)?Final score WashU 38 - Illinois Wesleyan 22
Folder name? (Scout team name default)Enter -['1st']
['1st and 10 at AUG35', 'Augustana (IL) wins toss and defers; WSH will receive; AUG will defend East end-zone.']
['1st and 10 at AUG35', 'Start of 1st quarter, clock 15:00.']
['', 'Maroon,Sidney kickoff 59 yards to the WSH06 Goldberg,Collin return 6 yards to the WSH12 (Leavitt,Kyle; McCarthy,Matthew).']
Is this opponent scout? (Y/N)Are you Augustana (Ill.) (H) or WashU (A)?Final score Augustana (Ill.) 7 - WashU 31
Folder name? (Scout team name default)Enter -['1st']
['1st and 10 at WAS35', 'Millikin wins toss and will receive; WAS will defend North end-zone.']
['1st and 10 at WAS35', 'Start of 1st quarter, clock 15:00.']
['', 'Vartanian,Chris kickoff 60 yards to the MIL05 Pitts,Jonathan return 27 yards to the MIL32 (Christensen,Gus).']
Is this opponent scout? (Y/N)Are you Millikin (H) or WashU (A)?Final score Millikin 13 - WashU 55
Folder name? (Scout team name default)Enter -['1st']
['1st and 10 at CARROLL35', '14, 65, 47, 30, 48 are captains. Carroll wins and elects to defer.']
['1st and 10 at CARROLL35', 'Start of 1st quarter, clock 15:00.']
['1st and 10 at CARROLL35', 'CARROLL ball on CARROLL35.']
['', 'Laurent kickoff 40 yards to the WASHU25, fair catch by T. Lamphier.']
Is this opponent scout? (Y/N)Are you WashU (H) or Carroll (Wis.) (A)?Final score WashU 31 - Carroll (Wis.) 16
Player name overlap detected in Carroll (WI) at Washington (Mo.). Check possession transitions
Folder name? (Scout team name default)Enter -['1st']
['1st and 10 at NCC35', '47, 65, 48, and 30 are captains. NC wins and elects to defer.']
['1st and 10 at NCC35', 'Start of 1st quarter, clock 15:00.']
['1st and 10 at NCC35', 'WASHU ball on WASHU35.']
['', 'C. Vartanian kickoff 61 yards to the NCC04, Hill, T. return 26 yards to the NCC30 (Kieran Conjar).']
Is this opponent scout? (Y/N)Are you WashU (H) or North Central (Ill.) (A)?Final score WashU 20 - North Central (Ill.) 59
Player name overlap detected in North Central at Washington (Mo.). Check possession transitions
Folder name? (Scout team name default)Enter -['1st']
['1st and 10 at WAS35', 'WashU wins toss and defers; CAR will receive; WAS will defend North end-zone.']
['1st and 10 at WAS35', 'Start of 1st quarter, clock 15:00.']
['', 'Vartanian,Chris kickoff 55 yards to the CAR10 Campbell,Sylvere return 15 yards to the CAR25 (Laramore-Josey,Langston; Cohan,Alex).']
Is this opponent scout? (Y/N)Are you Carthage (H) or WashU (A)?Final score Carthage 16 - WashU 37
Folder name? (Scout team name default)Enter -Traceback (most recent call last):
  File "C:\Users\surma\Python\cfb_slapPY\sauce.py", line 10, in <module>
    quarters, name_dict = pbp_parser(url)
  File "C:\Users\surma\Python\cfb_slapPY\pbp_parser_func.py", line 21, in pbp_parser
    name_dict[home_name] = drive_chart('a', href='#home-drives')[0].string
TypeError: 'NoneType' object is not callable

During handling of the above exception, another exception occurred:

Traceback (most recent call last):
  File "C:\Users\surma\Python\cfb_slapPY\sauce.py", line 13, in <module>
    quarters, name_dict = taster(url)  
  File "C:\Users\surma\Python\cfb_slapPY\taster_func.py", line 97, in taster
    abbr = abbr_finder(quarters[0][drive_count],abbr)
IndexError: list index out of range
