Enter -['1st']
['1st and 10 at UMD35', 'HUS ball on HUS35, clock 15:00.']
['', 'Erick Solarzana kickoff 44 yards to the UMD21, Mike Vincent return 14 yards to the UMD35 (Kaleb Caron).']
Is this opponent scout? (Y/N)Are you Husson (H) or UMass Dartmouth (A)?Final score Husson 14 - UMass Dartmouth 21
Folder name? (Scout team name default)Enter -['1st']
['1st and 10 at HUS35', 'Husson wins toss and defers']
['1st and 10 at HUS35', 'PSU will receive']
['1st and 10 at HUS35', 'HUS will defend North end-zone']
['1st and 10 at HUS35', 'Start of 1st quarter, clock 15:00, HUS ball on HUS35.']
['', 'Solarzana,Erick kickoff 43 yards to the PSU22, Milliken,Ryan return 32 yards to the HUS46 (Parker LaFrance).']
Is this opponent scout? (Y/N)Are you Plymouth State (H) or Husson (A)?Final score Plymouth State 7 - Husson 10
Folder name? (Scout team name default)Enter -['1st']
['1st and 10 at DEAN35', 'DEAN ball on DEAN35, clock 15:00.']
['', 'Mason Dill kickoff 36 yards to the HUS29, out-of-bounds, HUS ball on HUS35, clock 14:55.']
Is this opponent scout? (Y/N)Are you Husson (H) or Dean (A)?Final score Husson 42 - Dean 14
Folder name? (Scout team name default)Enter -['1st']
['1st and 10 at SPR2135', 'SPR21 ball on SPR2135, clock 15:00.']
['', 'Christian Hutra kickoff 58 yards to the HUS07, Shawn Noel, Jr. return 16 yards to the HUS23 (Billy Carr).']
Exception in Springfield at Husson (index) quarter 0 drive 0
	 ['1st']
	 ['1st and 10 at SPR2135', 'SPR21 ball on SPR2135, clock 15:00.']
	 ['', 'Christian Hutra kickoff 58 yards to the HUS07, Shawn Noel, Jr. return 16 yards to the HUS23 (Billy Carr).']
Traceback (most recent call last):
  File "C:\Users\surma\Python\cfb_slapPY\play_maker_hudl.py", line 1032, in game_builder
    plays = drive_parser(drive,game_state,re_select,i,j,score_correct)
  File "C:\Users\surma\Python\cfb_slapPY\play_maker_hudl.py", line 840, in drive_parser
    play = play_parser(['Opening kickoff',drive[ko[0]][-1]], game_state[possession],re_select,name_ref)
  File "C:\Users\surma\Python\cfb_slapPY\play_maker_hudl.py", line 765, in play_parser
    play = kop_parser(play,desc,poss,re_select)
  File "C:\Users\surma\Python\cfb_slapPY\play_maker_hudl.py", line 293, in kop_parser
    kp = re.findall('^'+re_select[poss],k_string)
KeyError: None

Traceback (most recent call last):
  File "C:\Users\surma\Python\cfb_slapPY\play_maker_hudl.py", line 1032, in game_builder
    plays = drive_parser(drive,game_state,re_select,i,j,score_correct)
  File "C:\Users\surma\Python\cfb_slapPY\play_maker_hudl.py", line 840, in drive_parser
    play = play_parser(['Opening kickoff',drive[ko[0]][-1]], game_state[possession],re_select,name_ref)
  File "C:\Users\surma\Python\cfb_slapPY\play_maker_hudl.py", line 765, in play_parser
    play = kop_parser(play,desc,poss,re_select)
  File "C:\Users\surma\Python\cfb_slapPY\play_maker_hudl.py", line 293, in kop_parser
    kp = re.findall('^'+re_select[poss],k_string)
KeyError: None

During handling of the above exception, another exception occurred:

Traceback (most recent call last):
  File "C:\Users\surma\Python\cfb_slapPY\sauce.py", line 15, in <module>
    game_info = game_builder(quarters,name_dict)
  File "C:\Users\surma\Python\cfb_slapPY\play_maker_hudl.py", line 1126, in game_builder
    return({drive_list:game, state_dict:game_state, plays_list:plays})
UnboundLocalError: local variable 'plays' referenced before assignment
Enter -['1st']
['1st and 10 at CURRY35', 'CURRY ball on CURRY35, clock 15:00.']
['', 'Billy Lynch kickoff 49 yards to the HUS16, out-of-bounds, HUS ball on HUS35, clock 15:00.']
Is this opponent scout? (Y/N)Are you Husson (H) or Curry (A)?Final score Husson 21 - Curry 14
Folder name? (Scout team name default)Enter -['1st']
['1st and 10 at ECMT35', 'ECMT ball on ECMT35, clock 15:00.']
['', 'C. Edwards kickoff 65 yards to the HUS00, touchback.']
Is this opponent scout? (Y/N)Are you Husson (H) or Endicott (A)?Final score Husson 17 - Endicott 24
Folder name? (Scout team name default)Enter -['1st']
['1st and 10 at HUS35', 'U New England wins toss and will receive; HUS will defend East end-zone.']
['1st and 10 at HUS35', 'Start of 1st quarter, clock 15:00.']
['', 'Paradis,Aaron kickoff 52 yards to the UNE13 Mahoney,Jack return 18 yards to the UNE31 (Floyd,Phoebus).']
Is this opponent scout? (Y/N)Are you University of New England (H) or Husson (A)?Final score University of New England 14 - Husson 41
Folder name? (Scout team name default)Enter -['1st']
['1st and 10 at HUS35', 'Husson wins coin toss and will receive']
['1st and 10 at HUS35', 'NIC ball on HUS30.']
['', 'V. Mallozzi kickoff 18 yards to the HUS12, Jon Bell return 27 yards to the HUS39 (Dean Fontano).']
Is this opponent scout? (Y/N)Are you Nichols (H) or Husson (A)?Final score Nichols 12 - Husson 14
Folder name? (Scout team name default)Enter -['1st']
['1st and 10 at SRU35', 'SRU ball on SRU35, clock 15:00.']
['', 'Matteo Marasco kickoff 55 yards to the HUS10, Shawn Noel return 18 yards to the HUS28 (John Whitehouse).']
Is this opponent scout? (Y/N)Are you Husson (H) or Salve Regina (A)?Final score Husson 24 - Salve Regina 10
Folder name? (Scout team name default)Enter -['1st']
['1st and 10 at HUS35', 'Western New Eng. wins toss and will receive; HUS will defend South end-zone.']
['1st and 10 at HUS35', 'Start of 1st quarter, clock 15:00.']
['', 'Paradis,Aaron kickoff 55 yards to the WNE10 Razza,Adam return 29 yards to the WNE39 (Ladipo,Josh).']
Is this opponent scout? (Y/N)Are you Western New England (H) or Husson (A)?Final score Western New England 35 - Husson 10
Folder name? (Scout team name default)