Enter -['Start of 1st Half']
[' Wis.-Eau Claire wins toss and defers LCN will receive WEC will defend West end-zone']
['.']
['Start of 1st quarter, clock 15:00, Blugolds ball on Blugolds35.']
['Frantal,Brady kickoff 62 yards to the LUT3, out-of-bounds.']
Exception in Luther College at Wis.-Eau Claire (index) quarter 0 drive 2
	 ['Wis.-Eau Claire at 11:27']
	 ['Wis.-Eau Claire at 11:27']
	 ['1st and 10 at Blugolds21', 'WIS.-EAU CLAIRE drive start at 11:27.']
	 ['1st and 10 at Blugolds21', 'PENALTY Blugolds holding (Underwood,Brady) 10 yards to the Blugolds11.']
	 ['1st and 20 at Blugolds11', '1st and 20.']
	 ['1st and 20 at Blugolds11', 'Kudick,Nicholas rush over left end for 5 yards to the Blugolds16, out-of-bounds.']
	 ['2nd and 15 at Blugolds16', 'Ruble,Ivan rush over left end for 4 yards to the Blugolds20 (Zach Olson;Chris Pinkney).']
	 ['3rd and 11 at Blugolds20', 'Belot,Austin rush up middle for 80 yards to the LUT0, 1ST DOWN Blugolds, TOUCHDOWN, clock 10:13.']
	 ['1st and GOAL at LUT03', 'Frantal,Brady kick attempt good.']
	 ['1st and GOAL at Blugolds35', 'Frantal,Brady kickoff 59 yards to the LUT6, Zegler-Evans return 18 yards to the LUT24 (Nephew,Noah), PENALTY LUT holding 10 yards to the LUT14.']
	 ['Total', '3 plays , 79 yards Time of Possession: 1:14']
	 ['Luther College 0-7 Wis.-Eau Claire']
Traceback (most recent call last):
  File "C:\Users\surma\Python\cfb_slapPY\play_maker_hudl.py", line 59, in ddyl_parser
    ddyl[distance] = int(dis[0])
IndexError: list index out of range

During handling of the above exception, another exception occurred:

Traceback (most recent call last):
  File "C:\Users\surma\Python\cfb_slapPY\play_maker_hudl.py", line 1032, in game_builder
    plays = drive_parser(drive,game_state,re_select,i,j,score_correct)
  File "C:\Users\surma\Python\cfb_slapPY\play_maker_hudl.py", line 899, in drive_parser
    play = play_parser(drive[start],game_state[possession],re_select,name_ref)
  File "C:\Users\surma\Python\cfb_slapPY\play_maker_hudl.py", line 743, in play_parser
    play = ddyl_parser(string_list[0],poss)
  File "C:\Users\surma\Python\cfb_slapPY\play_maker_hudl.py", line 63, in ddyl_parser
    ddyl[distance] = yl
UnboundLocalError: local variable 'yl' referenced before assignment

Is this opponent scout? (Y/N)Are you Wis.-Eau Claire (H) or Luther College (A)?Final score Wis.-Eau Claire 7 - Luther College 0
Folder name? (Scout team name default)Enter -['Start of 1st Half']
['luther won the toss defered st. olaf will recieve']
['LUT ball on LUT35.']
['Thane Larson kickoff 47 yards to the STO18, Evan Hammonds return 11 yards to the STO29 (X. Franquero;Mason Ross).']
Is this opponent scout? (Y/N)Are you Luther College (H) or St. Olaf (A)?Final score Luther College 7 - St. Olaf 19
Folder name? (Scout team name default)Enter -['Start of 1st Half']
['dubuque defered luther will recieve']
['DBQFB ball on DBQFB35.']
['Tyler Sheffield kickoff 63 yards to the LUT2, Vershon Brooks return 17 yards to the LUT19 (LaShawn Walker;Chase Stuver).']
Is this opponent scout? (Y/N)Are you Luther College (H) or U of Dubuque (A)?Final score Luther College 2 - U of Dubuque 28
Folder name? (Scout team name default)Enter -['Start of 1st Half']
['Luther wins toss and defers; BVU will receive; LUT will defend South end-zone.']
['Start of 1st quarter, clock 15:00.']
['Larson,Thane kickoff 37 yards to the BVU28 Laughlin,Colby return 0 yards to the BVU28.']
Is this opponent scout? (Y/N)Are you Buena Vista (H) or Luther (A)?Final score Buena Vista 32 - Luther 14
Folder name? (Scout team name default)Enter -['Start of 1st Half']
['luther won the toss, they defered']
['LUT ball on LUT35.']
['Thane Larson kickoff 46 yards to the NWU19, Wyatt Faz return 13 yards to the NWU32.']
Is this opponent scout? (Y/N)Are you Luther College (H) or Nebraska Wesleyan (A)?Final score Luther College 21 - Nebraska Wesleyan 28
Folder name? (Scout team name default)Enter -['Start of 1st Half']
['LUT ball on LUT35, clock 15:00.']
["Thane Larson kickoff 40 yards to the SIMPSON25, Gavin O'Steen return 54 yards to the LUT21 (Thane Larson), out-of-bounds."]
Is this opponent scout? (Y/N)Are you Simpson (H) or Luther College (A)?Final score Simpson 68 - Luther College 34
Folder name? (Scout team name default)Enter -['Start of 1st Half']
['wartburg won the toss, they defered. Luther will recieve']
['WAR ball on WAR35.']
['A. Muhamedagic kickoff 54 yards to the LUT11, Canon Reece return 14 yards to the LUT25 (Austin Griffin).']
Is this opponent scout? (Y/N)Are you Luther College (H) or Wartburg College (A)?Final score Luther College 0 - Wartburg College 67
Folder name? (Scout team name default)Enter -['Start of 1st Half']
['Luther wins toss and defers; COE will receive; LUT will defend South end-zone.']
['Start of 1st quarter, clock 15:00.']
['Larson,Thane kickoff 45 yards to the COE20 Eckardt,Mitchell return 22 yards to the COE42 (Moses,Willy).']
Is this opponent scout? (Y/N)Are you Coe (H) or Luther (A)?Final score Coe 63 - Luther 7
Folder name? (Scout team name default)Enter -['Start of 1st Half']
['LUT ball on LUT35, Diego Lopez kickoff 57 yards to the CENFB8, Ryan Neu return 27 yards to the CENFB35 (Parker Kizer).']
Score correction made in Central College @ Luther College (index) quarter 0 drive 8
Is this opponent scout? (Y/N)Are you Luther College (H) or Central College (A)?Final score Luther College 13 - Central College 76
Player name overlap detected in Central College at Luther College. Check possession transitions
Folder name? (Scout team name default)Enter -['Start of 1st Half']
['Luther wins toss and defers; LOR will receive; LUT will defend West end-zone.']
['Start of 1st quarter, clock 15:00.']
['Lopez,Diego kickoff 35 yards to the LOR30 McDevitt,Mike return 0 yards to the LOR30, End Of Play.']
Is this opponent scout? (Y/N)Are you Loras (H) or Luther (A)?Final score Loras 69 - Luther 6
Folder name? (Scout team name default)