Enter -Traceback (most recent call last):
  File "C:\Users\surma\Python\cfb_slapPY\sauce.py", line 10, in <module>
    quarters, name_dict = pbp_parser(url)
  File "C:\Users\surma\Python\cfb_slapPY\pbp_parser_func.py", line 14, in pbp_parser
    html = urlopen(url, context=ctx).read()
  File "C:\Program Files\WindowsApps\PythonSoftwareFoundation.Python.3.10_3.10.1776.0_x64__qbz5n2kfra8p0\lib\urllib\request.py", line 216, in urlopen
    return opener.open(url, data, timeout)
  File "C:\Program Files\WindowsApps\PythonSoftwareFoundation.Python.3.10_3.10.1776.0_x64__qbz5n2kfra8p0\lib\urllib\request.py", line 525, in open
    response = meth(req, response)
  File "C:\Program Files\WindowsApps\PythonSoftwareFoundation.Python.3.10_3.10.1776.0_x64__qbz5n2kfra8p0\lib\urllib\request.py", line 634, in http_response
    response = self.parent.error(
  File "C:\Program Files\WindowsApps\PythonSoftwareFoundation.Python.3.10_3.10.1776.0_x64__qbz5n2kfra8p0\lib\urllib\request.py", line 557, in error
    result = self._call_chain(*args)
  File "C:\Program Files\WindowsApps\PythonSoftwareFoundation.Python.3.10_3.10.1776.0_x64__qbz5n2kfra8p0\lib\urllib\request.py", line 496, in _call_chain
    result = func(*args)
  File "C:\Program Files\WindowsApps\PythonSoftwareFoundation.Python.3.10_3.10.1776.0_x64__qbz5n2kfra8p0\lib\urllib\request.py", line 749, in http_error_302
    return self.parent.open(new, timeout=req.timeout)
  File "C:\Program Files\WindowsApps\PythonSoftwareFoundation.Python.3.10_3.10.1776.0_x64__qbz5n2kfra8p0\lib\urllib\request.py", line 525, in open
    response = meth(req, response)
  File "C:\Program Files\WindowsApps\PythonSoftwareFoundation.Python.3.10_3.10.1776.0_x64__qbz5n2kfra8p0\lib\urllib\request.py", line 634, in http_response
    response = self.parent.error(
  File "C:\Program Files\WindowsApps\PythonSoftwareFoundation.Python.3.10_3.10.1776.0_x64__qbz5n2kfra8p0\lib\urllib\request.py", line 563, in error
    return self._call_chain(*args)
  File "C:\Program Files\WindowsApps\PythonSoftwareFoundation.Python.3.10_3.10.1776.0_x64__qbz5n2kfra8p0\lib\urllib\request.py", line 496, in _call_chain
    result = func(*args)
  File "C:\Program Files\WindowsApps\PythonSoftwareFoundation.Python.3.10_3.10.1776.0_x64__qbz5n2kfra8p0\lib\urllib\request.py", line 643, in http_error_default
    raise HTTPError(req.full_url, code, msg, hdrs, fp)
urllib.error.HTTPError: HTTP Error 403: Forbidden

During handling of the above exception, another exception occurred:

Traceback (most recent call last):
  File "C:\Users\surma\Python\cfb_slapPY\sauce.py", line 13, in <module>
    quarters, name_dict = taster(url)  
  File "C:\Users\surma\Python\cfb_slapPY\taster_func.py", line 105, in taster
    abbr = abbr_finder(quarters[0][drive_count],abbr)
IndexError: list index out of range
Enter -['1st']
['1st and 10 at BERRY35', 'LCM ball on LCM35, clock 15:00.']
['', 'Alex Rivera kickoff 53 yards to the BERRY12, Blade Bryant return 8 yards to the BERRY20 (Aaron Belt).']
Is this opponent scout? (Y/N)Are you LaGrange (H) or Berry (A)?Final score LaGrange 21 - Berry 34
Folder name? (Scout team name default)Enter -['1st']
['1st and 10 at LCM35', 'SVU ball on SVU35, clock 15:00.']
['', 'Derek Bass kickoff 61 yards to the LCM04, C. Waymon return 23 yards to the LCM27 (Stockton Fergus; Chase Wester).']
Is this opponent scout? (Y/N)Are you Southern Virginia (H) or LaGrange (A)?Final score Southern Virginia 34 - LaGrange 38
Folder name? (Scout team name default)Enter -['1st']
['', 'Nolan Weloff kickoff 53 yards to the LCM12, C. Waymon return 20 yards to the LCM32 (Ty Blash).']
Score correction made in N.C. Wesleyan @ LaGrange (index) quarter 0 drive 3
Is this opponent scout? (Y/N)Are you LaGrange (H) or N.C. Wesleyan (A)?Final score LaGrange 21 - N.C. Wesleyan 26
Player name overlap detected in N.C. Wesleyan at LaGrange. Check possession transitions
Folder name? (Scout team name default)Enter -['1st']
['1st and 10 at LAGRANGE35', 'Methodist University wins toss and will receive']
['1st and 10 at LAGRANGE35', 'LGC will defend North end-zone']
['1st and 10 at LAGRANGE35', 'Start of 1st quarter, clock 15:00, LAGRANGE ball on LAGRANGE35.']
['', 'Rivera,Alex kickoff 56 yards to the MUFB09, K. Praylow return 13 yards to the MUFB22 (Screen,Isaiah).']
Is this opponent scout? (Y/N)Are you Methodist (H) or LaGrange (A)?Final score Methodist 34 - LaGrange 17
Folder name? (Scout team name default)Enter -['1st']
['1st and 10 at BREVARD35', 'LCM ball on LCM35, clock 15:00.']
['', 'Alex Rivera kickoff 50 yards to the BREVARD15, Brandon Norris return 46 yards to the LCM39 (Rashad King).']
Is this opponent scout? (Y/N)Are you LaGrange (H) or Brevard (A)?Final score LaGrange 10 - Brevard 20
Folder name? (Scout team name default)Enter -['1st']
['1st and 10 at LAGRANGE35', 'Maryville College wins toss and defers']
['1st and 10 at LAGRANGE35', 'LAG will receive']
['1st and 10 at LAGRANGE35', 'MAR will defend West end-zone']
['1st and 10 at LAGRANGE35', 'Start of 1st quarter, clock 15:00, MVC ball on MVC35.']
['', 'Trey Hampton kickoff 54 yards to the LAGRANGE11, Cooper,JayDon return 13 yards to the LAGRANGE24 (Nico Starcher).']
Is this opponent scout? (Y/N)Are you Maryville (Tenn.) (H) or LaGrange (A)?Final score Maryville (Tenn.) 52 - LaGrange 14
Folder name? (Scout team name default)Enter -['1st']
['1st and 10 at GREENSBO35', 'LaGrange won toss, elected to receive.']
['', 'Ben Mangungu kickoff 52 yards to the LCM13, fair catch by Nicholas Martin.']
Is this opponent scout? (Y/N)Are you LaGrange (H) or Greensboro (A)?Final score LaGrange 29 - Greensboro 14
Folder name? (Scout team name default)Enter -['1st']
['1st and 10 at LCM35', 'LaGrange wins the coin toss, elects to receive']
['1st and 10 at LCM35', 'AU ball on AU35.']
['', 'Will Caviness kickoff 30 yards to the LCM35, out-of-bounds, LCM ball on LCM40.']
Is this opponent scout? (Y/N)Are you Averett (H) or LaGrange (A)?Final score Averett 31 - LaGrange 22
Folder name? (Scout team name default)Enter -['1st']
['', 'Nic Lee kickoff 59 yards to the LCM6, fair catch by J. Anderson.']
Is this opponent scout? (Y/N)Are you LaGrange (H) or Huntingdon (A)?Final score LaGrange 9 - Huntingdon 55
Folder name? (Scout team name default)