Enter -['Start of 1st Half']
['Wartburg wins toss and defers; MON will receive; WAR will defend North end-zone.']
['Start of 1st quarter, clock 15:00.']
['Eagle,Kain kickoff 43 yards to the MON22 Graham,Nathan return 0 yards to the MON22 (Weepie,Ben; Roling,Trent).']
Is this opponent scout? (Y/N)Are you Wartburg (H) or Monmouth (IL) (A)?Final score Wartburg 44 - Monmouth (IL) 3
Folder name? (Scout team name default)Enter -['Start of 1st Half']
['Wartburg wins toss and defers; GAC will receive; WAR will defend North end-zone.']
['Start of 1st quarter, clock 15:00.']
['Eagle,Kain kickoff 56 yards to the GAC09 Thelen,Dalton return 15 yards to the GAC24, out of bounds.']
Is this opponent scout? (Y/N)Are you Gust. Adolphus (H) or Wartburg (A)?Final score Gust. Adolphus 27 - Wartburg 18
Folder name? (Scout team name default)Enter -Traceback (most recent call last):
  File "C:\Users\surma\Python\cfb_slapPY\sauce.py", line 10, in <module>
    quarters, name_dict = pbp_parser(url)
  File "C:\Users\surma\Python\cfb_slapPY\pbp_parser_func.py", line 21, in pbp_parser
    name_dict[home_name] = drive_chart('a', href='#home-drives')[0].string
TypeError: 'NoneType' object is not callable

During handling of the above exception, another exception occurred:

Traceback (most recent call last):
  File "C:\Users\surma\Python\cfb_slapPY\sauce.py", line 13, in <module>
    quarters, name_dict = taster(url)  
  File "C:\Users\surma\Python\cfb_slapPY\taster_func.py", line 17, in taster
    name_dict[away_name] = team_names[0].string
IndexError: list index out of range
Enter -['Start of 1st Half']
['Central (IA) wins toss and defers; WAR will receive; CEN will defend South end-zone.']
['Start of 1st quarter, clock 15:00.']
['Sunvold,Logan kickoff 38 yards to the WAR27 Hartman,Kaleb return 0 yards to the WAR27.']
Is this opponent scout? (Y/N)Are you Central (IA) (H) or Wartburg (A)?Final score Central (IA) 49 - Wartburg 24
Folder name? (Scout team name default)Enter -['Start of 1st Half']
['Wartburg wins toss and defers; LOR will receive; WAR will defend South end-zone.']
['Start of 1st quarter, clock 15:00.']
['Muhamedagic,Adijan kickoff 44 yards to the LOR21 Matye,Hunter return 0 yards to the LOR21 (Hartman,Kaleb).']
Is this opponent scout? (Y/N)Are you Wartburg (H) or Loras (A)?Final score Wartburg 58 - Loras 21
Folder name? (Scout team name default)Enter -['Start of 1st Half']
['wartburg won the toss, they defered. Luther will recieve']
['WAR ball on WAR35.']
['A. Muhamedagic kickoff 54 yards to the LUT11, Canon Reece return 14 yards to the LUT25 (Austin Griffin).']
Is this opponent scout? (Y/N)Are you Luther College (H) or Wartburg College (A)?Final score Luther College 0 - Wartburg College 67
Folder name? (Scout team name default)Enter -['Start of 1st Half']
['Dubuque wins toss and defers; WAR will receive; DUB will defend North end-zone.']
['Start of 1st quarter, clock 15:00.']
['Sheffield,Tyler kickoff 63 yards to the WAR02 McNair,Jojo return 27 yards to the WAR29 (Gorman,Stone; Hertzfeldt,Garrett).']
Is this opponent scout? (Y/N)Are you Wartburg (H) or Dubuque (A)?Final score Wartburg 27 - Dubuque 7
Folder name? (Scout team name default)Enter -['Start of 1st Half']
['Buena Vista wins toss and will receive; WAR will defend North end-zone.']
['Start of 1st quarter, clock 15:00.']
['Muhamedagic,Adijan kickoff 65 yards to the BVU00, Touchback.']
Is this opponent scout? (Y/N)Are you Buena Vista (H) or Wartburg (A)?Final score Buena Vista 24 - Wartburg 20
Folder name? (Scout team name default)Enter -['Start of 1st Half']
['Neb. Wesleyan wins toss and defers; War will receive; NWU will defend North end-zone.']
['Start of 1st quarter, clock 15:00.']
['Fendley,Zach kickoff 61 yards to the War04 Califf,Robert return 47 yards to the NWU49 (DeVoy,Branden).']
Is this opponent scout? (Y/N)Are you Wartburg (H) or Neb. Wesleyan (A)?Final score Wartburg 50 - Neb. Wesleyan 14
Folder name? (Scout team name default)Enter -['Start of 1st Half']
['WAR ball on WAR35, clock 15:00.']
['A. Muhamedagic kickoff 54 yards to the SIM11, Jones,Cameron return 10 yards to the SIM21 (Gavin Dooley).']
Is this opponent scout? (Y/N)Are you Simpson (H) or Wartburg (A)?Final score Simpson 23 - Wartburg 55
Folder name? (Scout team name default)