Enter -['1st']
['1st and 10 at BLUFFTON35', 'ALMA ball on ALMA35, clock 15:00.']
['', 'Kaleb Kindsvatt kickoff 64 yards to the BLUFFTON01, Montez Archer J return 45 yards to the BLUFFTON46 (Kaleb Kindsvatt), PENALTY ALMA personal foul 15 yards to the ALMA39.']
Is this opponent scout? (Y/N)Are you Alma (H) or Bluffton (A)?Final score Alma 24 - Bluffton 6
Folder name? (Scout team name default)Enter -['1st']
['1st and 10 at SVC35', 'BLUFFTON ball on BLUFFTON35, clock 15:00.']
['1st and 10 at BLUFFTON35', 'Bluffton wins coin toss and defers to 2nd half.']
['', 'Jake Baumgartner kickoff 34 yards to the SVC31, on-side kick, recovered by SVC on SVC31.']
Is this opponent scout? (Y/N)Are you Bluffton (H) or St. Vincent (A)?Final score Bluffton 14 - St. Vincent 34
Folder name? (Scout team name default)Enter -['1st']
['1st and 10 at BLUFFTON35', 'KALAMAZO ball on KALAMAZO35, clock 15:00.']
['', 'Ian Burr kickoff 60 yards to the BLUFFTON05, Montez Archer J return 28 yards to the BLUFFTON33 (Payton Fleming).']
Is this opponent scout? (Y/N)Are you Kalamazoo (H) or Bluffton (A)?Final score Kalamazoo 20 - Bluffton 21
Folder name? (Scout team name default)Enter -Traceback (most recent call last):
  File "C:\Users\surma\Python\cfb_slapPY\sauce.py", line 10, in <module>
    quarters, name_dict = pbp_parser(url)
  File "C:\Users\surma\Python\cfb_slapPY\pbp_parser_func.py", line 21, in pbp_parser
    name_dict[home_name] = drive_chart('a', href='#home-drives')[0].string
TypeError: 'NoneType' object is not callable

During handling of the above exception, another exception occurred:

Traceback (most recent call last):
  File "C:\Users\surma\Python\cfb_slapPY\sauce.py", line 13, in <module>
    quarters, name_dict = taster(url)  
  File "C:\Users\surma\Python\cfb_slapPY\taster_func.py", line 97, in taster
    abbr = abbr_finder(quarters[0][drive_count],abbr)
IndexError: list index out of range
Enter -['1st']
['1st and 10 at BLUFFTON35', 'ANDERSON ball on ANDERSON35, clock 15:00.']
['', 'Caleb Oliver kickoff 63 yards to the BLUFFTON02, Stephan Kosakow return 97 yards to the ANDERSON01 (Logan Beard).']
Is this opponent scout? (Y/N)Are you Anderson (Ind.) (H) or Bluffton (A)?Final score Anderson (Ind.) 20 - Bluffton 32
Folder name? (Scout team name default)Enter -['1st']
['1st and 10 at BLUFFTON35', 'BLUFFTON ball on BLUFFTON35, clock 15:00.']
['', 'Jake Baumgartne kickoff 53 yards to the FC12, Derek Thompson return 20 yards to the FC32 (Karl Foster).']
Is this opponent scout? (Y/N)Are you Franklin (H) or Bluffton (A)?Final score Franklin 45 - Bluffton 6
Folder name? (Scout team name default)Enter -['1st']
['1st and 10 at HANOVER35', 'HANOVER ball on HANOVER35, clock 15:00.']
['1st and 10 at HANOVER35', 'Hanover wins toss, defers to second half. Bluffton will receive']
['', 'Cody Horner kickoff 44 yards to the BLUFFTON21, Stephan Kosakow return 4 yards to the BLUFFTON25 (Nash Murphy).']
Is this opponent scout? (Y/N)Are you Bluffton (H) or Hanover (A)?Final score Bluffton 10 - Hanover 41
Folder name? (Scout team name default)Enter -['1st']
['1st and 10 at BU35', 'Rose-Hulman wins toss and defers']
['1st and 10 at BU35', 'B-U will receive']
['1st and 10 at BU35', 'R-H will defend North end-zone']
['1st and 10 at BU35', 'Start of 1st quarter, clock 15:00, RHIT ball on RHIT35.']
['', 'Brett Tuttle kickoff 52 yards to the BU13, Price Jr.,Andre return 0 yards to the BU13 (Connor Schulte; Riley Roberts).']
Score correction made in Bluffton @ Rose-Hulman (index) quarter 1 drive 2
Score correction made in Bluffton @ Rose-Hulman (index) quarter 3 drive 4
Is this opponent scout? (Y/N)Are you Rose-Hulman (H) or Bluffton (A)?Final score Rose-Hulman 45 - Bluffton 6
Folder name? (Scout team name default)Enter -['1st']
['1st and 10 at MANCH35', 'BLUFFTON ball on BLUFFTON35, clock 15:00.']
['', 'Jake Baumgartne kickoff 46 yards to the MANCH19, Latsen Stoudymire return 25 yards to the MANCH44 (Jake Baumgartne).']
Is this opponent scout? (Y/N)Are you Bluffton (H) or Manchester (A)?Final score Bluffton 31 - Manchester 7
Folder name? (Scout team name default)Enter -['1st']
['1st and 10 at BLU35', 'Bluffton wins toss and defers; DEF will receive; BLU will defend South end-zone.']
['1st and 10 at BLU35', 'Start of 1st quarter, clock 15:00.']
['1st and 10 at BLU35', 'Baumgartner,Jake kickoff 58 yards to the DEF07 Nathan,Antawn return 18 yards to the DEF25 (Nabors,Martez) PENALTY DEF Holding (Edge,Weston) 10 yards from DEF20 to DEF10.']
['1st and 10 at BLU35', 'DEF ball on DEF10.']
Is this opponent scout? (Y/N)Are you Defiance (H) or Bluffton (A)?Final score Defiance 12 - Bluffton 30
Folder name? (Scout team name default)