Enter -Traceback (most recent call last):
  File "C:\Users\surma\Python\cfb_slapPY\sauce.py", line 10, in <module>
    quarters, name_dict = pbp_parser(url)
  File "C:\Users\surma\Python\cfb_slapPY\pbp_parser_func.py", line 21, in pbp_parser
    name_dict[home_name] = drive_chart('a', href='#home-drives')[0].string
TypeError: 'NoneType' object is not callable

During handling of the above exception, another exception occurred:

Traceback (most recent call last):
  File "C:\Users\surma\Python\cfb_slapPY\sauce.py", line 13, in <module>
    quarters, name_dict = taster(url)  
  File "C:\Users\surma\Python\cfb_slapPY\taster_func.py", line 18, in taster
    name_dict[home_name] = team_names[1].string
IndexError: list index out of range
Enter -['1st']
['1st and 10 at WESTMIN35', 'Sewanee wins toss and deferred; Westminster defends south goal']
['', 'Tim Branneky kickoff 59 yards to the SEWANEE06, Dagem Samuel return 39 yards to the SEWANEE45 (Tim Branneky).']
Score correction made in Westminster @ Sewanee (index) quarter 1 drive 7
Score correction made in Westminster @ Sewanee (index) quarter 1 drive 7
Is this opponent scout? (Y/N)Are you Sewanee (H) or Westminster (A)?Final score Sewanee 29 - Westminster 30
Folder name? (Scout team name default)Enter -['1st']
['1st and 10 at RHODES35', 'RHODES ball on RHODES35, clock 15:00.']
['', 'Wiley Henshaw kickoff 49 yards to the WESTMINS16, Dante Billups return 6 yards to the WESTMINS22.']
Is this opponent scout? (Y/N)Are you Westminster (H) or Rhodes (A)?Final score Westminster 7 - Rhodes 47
Folder name? (Scout team name default)Enter -['1st']
['1st and 10 at WESTMINS35', 'Westminster wins and defers; Minnesota Morris receives']
['1st and 10 at WESTMINS35', 'WESTMINS ball on WESTMINS35.']
['', 'Tim Branneky kickoff 65 yards to the UMM0, touchback.']
Is this opponent scout? (Y/N)Are you Minn.-Morris (H) or Westminster (A)?Final score Minn.-Morris 38 - Westminster 35
Folder name? (Scout team name default)Enter -['1st']
['1st and 10 at GUFB35', 'GUFB ball on GUFB35, clock 15:00.']
['', 'Lucas Hermo kickoff 61 yards to the WCFB04, Chandler Taylor return 26 yards to the WCFB30 (Lawrence Harris).']
Is this opponent scout? (Y/N)Are you Westminster (H) or Greenville (A)?Final score Westminster 14 - Greenville 42
Folder name? (Scout team name default)Enter -Abbreviations could not be matched
['1st']
['1st and 10 at WC35', 'Westminster won the toss. They elected to defer.']
['1st and 10 at WC35', 'Northwestern will receive the opening kickoff.']
['', 'Tim Branneky kickoff 54 yards to the UNW11, Beau Burk return 27 yards to the UNW38 (Robert Anthony; Deven Woodworth).']
Exception in Westminster at Northwestern (Minn.) (index) quarter 0 drive 0
	 ['1st']
	 ['1st and 10 at WC35', 'Westminster won the toss. They elected to defer.']
	 ['1st and 10 at WC35', 'Northwestern will receive the opening kickoff.']
	 ['', 'Tim Branneky kickoff 54 yards to the UNW11, Beau Burk return 27 yards to the UNW38 (Robert Anthony; Deven Woodworth).']
Traceback (most recent call last):
  File "C:\Users\surma\Python\cfb_slapPY\play_maker_hudl.py", line 1032, in game_builder
    plays = drive_parser(drive,game_state,re_select,i,j,score_correct)
  File "C:\Users\surma\Python\cfb_slapPY\play_maker_hudl.py", line 840, in drive_parser
    play = play_parser(['Opening kickoff',drive[ko[0]][-1]], game_state[possession],re_select,name_ref)
  File "C:\Users\surma\Python\cfb_slapPY\play_maker_hudl.py", line 765, in play_parser
    play = kop_parser(play,desc,poss,re_select)
  File "C:\Users\surma\Python\cfb_slapPY\play_maker_hudl.py", line 279, in kop_parser
    rec_team = [team for team in re_select.keys() if team != poss][0]
IndexError: list index out of range

Traceback (most recent call last):
  File "C:\Users\surma\Python\cfb_slapPY\play_maker_hudl.py", line 1032, in game_builder
    plays = drive_parser(drive,game_state,re_select,i,j,score_correct)
  File "C:\Users\surma\Python\cfb_slapPY\play_maker_hudl.py", line 840, in drive_parser
    play = play_parser(['Opening kickoff',drive[ko[0]][-1]], game_state[possession],re_select,name_ref)
  File "C:\Users\surma\Python\cfb_slapPY\play_maker_hudl.py", line 765, in play_parser
    play = kop_parser(play,desc,poss,re_select)
  File "C:\Users\surma\Python\cfb_slapPY\play_maker_hudl.py", line 279, in kop_parser
    rec_team = [team for team in re_select.keys() if team != poss][0]
IndexError: list index out of range

During handling of the above exception, another exception occurred:

Traceback (most recent call last):
  File "C:\Users\surma\Python\cfb_slapPY\sauce.py", line 15, in <module>
    game_info = game_builder(quarters,name_dict)
  File "C:\Users\surma\Python\cfb_slapPY\play_maker_hudl.py", line 1126, in game_builder
    return({drive_list:game, state_dict:game_state, plays_list:plays})
UnboundLocalError: local variable 'plays' referenced before assignment
Enter -['1st']
['1st and 10 at FINLANDI35', 'WESTMINS ball on WESTMINS35, clock 15:00.']
['', 'Tim Branneky kickoff 63 yards to the FINLANDI02, Byron Owens return 34 yards to the FINLANDI36 (Chandler Taylor).']
Is this opponent scout? (Y/N)Are you Westminster (H) or Finlandia (A)?Final score Westminster 42 - Finlandia 32
Folder name? (Scout team name default)Enter -['1st']
['1st and 10 at MARTIN L35', 'MARTIN L ball on MARTIN L35, clock 15:00.']
['', 'Josh Kehren kickoff 53 yards to the WESTMINS12, Chandler Taylor return 14 yards to the WESTMINS26 (Adam Arrowsmith).']
Exception in Martin Luther at Westminster (Mo.) (index) quarter 3 drive 3
	 ['Martin Luther at 08:28']
	 ['1st and 10 at WESTMINS45', 'Martin Luther drive start at 08:28.']
	 ['1st and 10 at WESTMINS45', 'Carson Oestreic rush for 4 yards to the WESTMINS41 (Justin Scales).']
	 ['2nd and 6 at WESTMINS41', 'Ethan Aguilar pass incomplete to Mason Cox.']
	 ['3rd and 6 at WESTMINS41', 'Ethan Aguilar pass complete to Michael Radue for 11 yards to the WESTMINS30 (Robert Anthony).']
	 ['1st and 10 at WESTMINS30', 'Ethan Aguilar rush for 1 yard to the WESTMINS29 (Marcus Stephens).']
	 ['2nd and 9 at WESTMINS29', 'Ethan Aguilar sacked for loss of 11 yards to the WESTMINS40 (Marcus Stephens), fumble by Ethan Aguilar recovered by MARTIN L Ethan Aguilar at WESTMINS40.']
	 ['3rd and 20 at WESTMINS40', 'Ethan Aguilar pass incomplete to Joshuah Kren.']
	 ['4th and 20 at WESTMINS40', 'PENALTY MARTIN L delay of game (Michael Radue) 0 yards to the WESTMINS40.']
	 ['4th and 20 at WESTMINS40', 'Michael Radue punt 33 yards to the WESTMINS07, out-of-bounds.']
	 ['6 plays, 5 yards, 02:28 elapsed']
Traceback (most recent call last):
  File "C:\Users\surma\Python\cfb_slapPY\play_maker_hudl.py", line 1032, in game_builder
    plays = drive_parser(drive,game_state,re_select,i,j,score_correct)
  File "C:\Users\surma\Python\cfb_slapPY\play_maker_hudl.py", line 899, in drive_parser
    play = play_parser(drive[start],game_state[possession],re_select,name_ref)
  File "C:\Users\surma\Python\cfb_slapPY\play_maker_hudl.py", line 785, in play_parser
    play = add_fumble(play,poss,f_string,re_select,fumble_n)
  File "C:\Users\surma\Python\cfb_slapPY\play_maker_hudl.py", line 119, in add_fumble
    recovered_by_name = re.findall('recovered by ' + recovery[0] + ' ' + re_select[recovery[0]],f_string)
KeyError: 'MARTIN'

Is this opponent scout? (Y/N)Are you Westminster (H) or Martin Luther (A)?Final score Westminster 7 - Martin Luther 28
Folder name? (Scout team name default)Enter -['1st']
['1st and 10 at WCB35', 'Westminster (MO) wins toss and defers; CCS will receive; WCB will defend East end-zone.']
['1st and 10 at WCB35', 'Start of 1st quarter, clock 15:00.']
['', 'kickoff 47 yards to the CCS18 Caruthers,Avory return 17 yards to the CCS35 (Crown (MN)), out of bounds.']
Is this opponent scout? (Y/N)Are you Crown (Minn.) (H) or Westminster (A)?Final score Crown (Minn.) 28 - Westminster 63
Folder name? (Scout team name default)