Enter -Abbreviations could not be matched
['1st']
['1st and 10 at MARITIME35', 'MASS. MA ball on MASS. MA35, clock 15:00.']
['', 'Marco Ross-Pare kickoff 51 yards to the MARITIME14, Chri. Schiavone return 24 yards to the MARITIME38 (Sam Mead).']
Exception in Maritime (N.Y.) at Mass. Maritime (index) quarter 0 drive 0
	 ['1st']
	 ['1st and 10 at MARITIME35', 'MASS. MA ball on MASS. MA35, clock 15:00.']
	 ['', 'Marco Ross-Pare kickoff 51 yards to the MARITIME14, Chri. Schiavone return 24 yards to the MARITIME38 (Sam Mead).']
Traceback (most recent call last):
  File "C:\Users\surma\Python\cfb_slapPY\play_maker_hudl.py", line 1028, in game_builder
    plays = drive_parser(drive,game_state,re_select,i,j,score_correct)
  File "C:\Users\surma\Python\cfb_slapPY\play_maker_hudl.py", line 836, in drive_parser
    play = play_parser(['Opening kickoff',drive[ko[0]][-1]], game_state[possession],re_select,name_ref)
  File "C:\Users\surma\Python\cfb_slapPY\play_maker_hudl.py", line 761, in play_parser
    play = kop_parser(play,desc,poss,re_select)
  File "C:\Users\surma\Python\cfb_slapPY\play_maker_hudl.py", line 279, in kop_parser
    rec_team = [team for team in re_select.keys() if team != poss][0]
IndexError: list index out of range

Traceback (most recent call last):
  File "C:\Users\surma\Python\cfb_slapPY\play_maker_hudl.py", line 1028, in game_builder
    plays = drive_parser(drive,game_state,re_select,i,j,score_correct)
  File "C:\Users\surma\Python\cfb_slapPY\play_maker_hudl.py", line 836, in drive_parser
    play = play_parser(['Opening kickoff',drive[ko[0]][-1]], game_state[possession],re_select,name_ref)
  File "C:\Users\surma\Python\cfb_slapPY\play_maker_hudl.py", line 761, in play_parser
    play = kop_parser(play,desc,poss,re_select)
  File "C:\Users\surma\Python\cfb_slapPY\play_maker_hudl.py", line 279, in kop_parser
    rec_team = [team for team in re_select.keys() if team != poss][0]
IndexError: list index out of range

During handling of the above exception, another exception occurred:

Traceback (most recent call last):
  File "C:\Users\surma\Python\cfb_slapPY\sauce.py", line 15, in <module>
    game_info = game_builder(quarters,name_dict)
  File "C:\Users\surma\Python\cfb_slapPY\play_maker_hudl.py", line 1122, in game_builder
    return({drive_list:game, state_dict:game_state, plays_list:plays})
UnboundLocalError: local variable 'plays' referenced before assignment
Enter -Abbreviations could not be matched
['1st']
['1st and 10 at MASS. MA35', 'MASS. MA ball on MASS. MA35, clock 15:00.']
['', 'Marco Ross-Pare kickoff 57 yards to the ANNA MAR08, downed.']
Exception in Mass. Maritime at Anna Maria (index) quarter 0 drive 0
	 ['1st']
	 ['1st and 10 at MASS. MA35', 'MASS. MA ball on MASS. MA35, clock 15:00.']
	 ['', 'Marco Ross-Pare kickoff 57 yards to the ANNA MAR08, downed.']
Traceback (most recent call last):
  File "C:\Users\surma\Python\cfb_slapPY\play_maker_hudl.py", line 1028, in game_builder
    plays = drive_parser(drive,game_state,re_select,i,j,score_correct)
  File "C:\Users\surma\Python\cfb_slapPY\play_maker_hudl.py", line 836, in drive_parser
    play = play_parser(['Opening kickoff',drive[ko[0]][-1]], game_state[possession],re_select,name_ref)
  File "C:\Users\surma\Python\cfb_slapPY\play_maker_hudl.py", line 761, in play_parser
    play = kop_parser(play,desc,poss,re_select)
  File "C:\Users\surma\Python\cfb_slapPY\play_maker_hudl.py", line 279, in kop_parser
    rec_team = [team for team in re_select.keys() if team != poss][0]
IndexError: list index out of range

Traceback (most recent call last):
  File "C:\Users\surma\Python\cfb_slapPY\play_maker_hudl.py", line 1028, in game_builder
    plays = drive_parser(drive,game_state,re_select,i,j,score_correct)
  File "C:\Users\surma\Python\cfb_slapPY\play_maker_hudl.py", line 836, in drive_parser
    play = play_parser(['Opening kickoff',drive[ko[0]][-1]], game_state[possession],re_select,name_ref)
  File "C:\Users\surma\Python\cfb_slapPY\play_maker_hudl.py", line 761, in play_parser
    play = kop_parser(play,desc,poss,re_select)
  File "C:\Users\surma\Python\cfb_slapPY\play_maker_hudl.py", line 279, in kop_parser
    rec_team = [team for team in re_select.keys() if team != poss][0]
IndexError: list index out of range

During handling of the above exception, another exception occurred:

Traceback (most recent call last):
  File "C:\Users\surma\Python\cfb_slapPY\sauce.py", line 15, in <module>
    game_info = game_builder(quarters,name_dict)
  File "C:\Users\surma\Python\cfb_slapPY\play_maker_hudl.py", line 1122, in game_builder
    return({drive_list:game, state_dict:game_state, plays_list:plays})
UnboundLocalError: local variable 'plays' referenced before assignment
Enter -['1st']
['1st and 10 at FITCHBUR35', 'FITCHBUR ball on FITCHBUR35, clock 15:00.']
['', 'Mac Kimball kickoff 46 yards to the MASS. MA19, Evan Dyer return 12 yards to the MASS. MA31 (Francisco Andin), out-of-bounds.']
Score correction made in Fitchburg St. @ Mass. Maritime (index) quarter 2 drive 7
Is this opponent scout? (Y/N)Are you Mass. Maritime (H) or Fitchburg St. (A)?Final score Mass. Maritime 28 - Fitchburg St. 0
Player name overlap detected in Fitchburg St. at Mass. Maritime. Check possession transitions
Folder name? (Scout team name default)Enter -['1st']
['1st and 10 at MMA35', 'Westfield State wins, will receive, defend north end zone']
['', 'M. Ross-Parent kickoff 58 yards to the WSU07, Thomas, OT return 13 yards to the WSU20 (Thomas Garland).']
Is this opponent scout? (Y/N)Are you Westfield St. (H) or Mass. Maritime (A)?Final score Westfield St. 8 - Mass. Maritime 16
Player name overlap detected in Mass Maritime at Westfield State. Check possession transitions
Folder name? (Scout team name default)Enter -['1st']
['1st and 10 at MMA35', 'Mass. Maritime wins toss and defers; UMD will receive; MMA will defend South end-zone.']
['1st and 10 at MMA35', 'Start of 1st quarter, clock 15:00.']
['', 'Ross-Parent,Marco kickoff 51 yards to the UMD14 Jean,Marvens return 24 yards to the UMD38 (Wells,Hugh).']
Is this opponent scout? (Y/N)Are you Mass.-Dartmouth (H) or Mass. Maritime (A)?Final score Mass.-Dartmouth 26 - Mass. Maritime 10
Folder name? (Scout team name default)Enter -['1st']
['1st and 10 at WORCESTE35', 'MASS. MA ball on MASS. MA35, clock 15:00.']
['', 'George Lampros kickoff 65 yards to the WORCESTE00, touchback.']
Score correction made in Worcester St. @ Mass. Maritime (index) quarter 1 drive 6
Is this opponent scout? (Y/N)Are you Mass. Maritime (H) or Worcester St. (A)?Final score Mass. Maritime 24 - Worcester St. 28
Folder name? (Scout team name default)Enter -['1st']
['1st and 10 at MMA35', 'WCSU ball on WCSU35, clock 15:00.']
['1st and 10 at WCSU35', 'WC wins toss and defers to 2nd half.  MMA  defends north goal']
['', 'A. Weidtman kickoff 55 yards to the MMA10, Evan Dyer return 30 yards to the MMA40 (A. Colletti).']
Is this opponent scout? (Y/N)Are you Western Conn. St. (H) or Mass. Maritime (A)?Final score Western Conn. St. 20 - Mass. Maritime 22
Folder name? (Scout team name default)Enter -['1st']
['1st and 10 at FRAMINGH35', 'FRAMINGH ball on FRAMINGH35, clock 15:00.']
['', 'Henrique De Bon kickoff 65 yards to the MASS. MA00, touchback.']
Is this opponent scout? (Y/N)Are you Mass. Maritime (H) or Framingham St. (A)?Final score Mass. Maritime 14 - Framingham St. 23
Folder name? (Scout team name default)Enter -['1st']
['1st and 10 at MMA35', 'Mass. Maritime wins toss and defers; PSU will receive; MMA will defend North end-zone.']
['1st and 10 at MMA35', 'Start of 1st quarter, clock 15:00.']
['', 'Ross-Parent,Marco kickoff 50 yards to the PSU15 Milliken,Ryan return 85 yards to the MMA00 TOUCHDOWN, clock 14:50.']
['', 'Carey,Dan kick attempt good.']
['', 'Carey,Dan kickoff 56 yards to the MMA09 Childs,Anthony return 16 yards to the MMA25 (Moody,Gavin).']
Is this opponent scout? (Y/N)Are you Plymouth St. (H) or Mass. Maritime (A)?Final score Plymouth St. 27 - Mass. Maritime 7
Folder name? (Scout team name default)Enter -['1st']
['1st and 10 at BRIDGEWA35', 'MASS. MA ball on MASS. MA35, clock 15:00.']
['', 'George Lampros kickoff 64 yards to the BRIDGEWA01, Jordan Milton return 17 yards to the BRIDGEWA18 (Jack Mulligan).']
Score correction made in Bridgewater St. @ Mass. Maritime (index) quarter 0 drive 3
Is this opponent scout? (Y/N)Are you Mass. Maritime (H) or Bridgewater St. (A)?Final score Mass. Maritime 7 - Bridgewater St. 35
Player name overlap detected in Bridgewater St. at Mass. Maritime. Check possession transitions
Folder name? (Scout team name default)